# JRE version: OpenJDK Runtime Environment Corretto-11.0.16.9.1 (11.0.16.1+9) (build 11.0.16.1+9-LTS)
# Java VM: OpenJDK 64-Bit Server VM Corretto-11.0.16.9.1 (11.0.16.1+9-LTS, mixed mode, tiered, compressed oops, g1 gc, windows-amd64)
Heap:
 garbage-first heap   total 258048K, used 15357K [0x0000000705800000, 0x0000000800000000)
  region size 1024K, 8 young (8192K), 4 survivors (4096K)
 Metaspace       used 31137K, capacity 31947K, committed 32128K, reserved 1077248K
  class space    used 3592K, capacity 3887K, committed 3968K, reserved 1048576K
GC Heap History (8 events):
Event: 0.999 GC heap before
{Heap before GC invocations=0 (full 0):
 garbage-first heap   total 258048K, used 25600K [0x0000000705800000, 0x0000000800000000)
  region size 1024K, 24 young (24576K), 0 survivors (0K)
 Metaspace       used 11721K, capacity 11917K, committed 12032K, reserved 1060864K
  class space    used 1115K, capacity 1186K, committed 1280K, reserved 1048576K
}
Event: 1.006 GC heap after
{Heap after GC invocations=1 (full 0):
 garbage-first heap   total 258048K, used 6937K [0x0000000705800000, 0x0000000800000000)
  region size 1024K, 3 young (3072K), 3 survivors (3072K)
 Metaspace       used 11721K, capacity 11917K, committed 12032K, reserved 1060864K
  class space    used 1115K, capacity 1186K, committed 1280K, reserved 1048576K
}
Event: 2.106 GC heap before
{Heap before GC invocations=1 (full 0):
 garbage-first heap   total 258048K, used 54041K [0x0000000705800000, 0x0000000800000000)
  region size 1024K, 50 young (51200K), 3 survivors (3072K)
 Metaspace       used 20699K, capacity 21187K, committed 21296K, reserved 1069056K
  class space    used 2290K, capacity 2498K, committed 2560K, reserved 1048576K
}
Event: 2.117 GC heap after
{Heap after GC invocations=2 (full 0):
 garbage-first heap   total 258048K, used 9634K [0x0000000705800000, 0x0000000800000000)
  region size 1024K, 6 young (6144K), 6 survivors (6144K)
 Metaspace       used 20699K, capacity 21187K, committed 21296K, reserved 1069056K
  class space    used 2290K, capacity 2498K, committed 2560K, reserved 1048576K
}
Event: 2.426 GC heap before
{Heap before GC invocations=3 (full 0):
 garbage-first heap   total 258048K, used 34210K [0x0000000705800000, 0x0000000800000000)
  region size 1024K, 30 young (30720K), 6 survivors (6144K)
 Metaspace       used 23728K, capacity 24273K, committed 24576K, reserved 1071104K
  class space    used 2767K, capacity 2991K, committed 3072K, reserved 1048576K
}
Event: 2.432 GC heap after
{Heap after GC invocations=4 (full 0):
 garbage-first heap   total 258048K, used 10384K [0x0000000705800000, 0x0000000800000000)
  region size 1024K, 2 young (2048K), 2 survivors (2048K)
 Metaspace       used 23728K, capacity 24273K, committed 24576K, reserved 1071104K
  class space    used 2767K, capacity 2991K, committed 3072K, reserved 1048576K
}
Event: 3.275 GC heap before
{Heap before GC invocations=4 (full 0):
 garbage-first heap   total 258048K, used 75920K [0x0000000705800000, 0x0000000800000000)
  region size 1024K, 67 young (68608K), 2 survivors (2048K)
 Metaspace       used 30777K, capacity 31563K, committed 31872K, reserved 1077248K
  class space    used 3552K, capacity 3844K, committed 3968K, reserved 1048576K
}
Event: 3.280 GC heap after
{Heap after GC invocations=5 (full 0):
 garbage-first heap   total 258048K, used 12285K [0x0000000705800000, 0x0000000800000000)
  region size 1024K, 4 young (4096K), 4 survivors (4096K)
 Metaspace       used 30777K, capacity 31563K, committed 31872K, reserved 1077248K
  class space    used 3552K, capacity 3844K, committed 3968K, reserved 1048576K
}

